<?xml version="1.0" encoding="UTF-8"?>
<testng-results skipped="0" failed="0" ignored="0" total="1" passed="1">
  <reporter-output>
    <line>
      <![CDATA[===== Chrome browser Session Started =====]]>
    </line>
    <line>
      <![CDATA[===== Amazon Canada Session Started =====]]>
    </line>
    <line>
      <![CDATA[Shop By Department link clicked]]>
    </line>
    <line>
      <![CDATA[Kindle Paper White clink clicked]]>
    </line>
    <line>
      <![CDATA[Product quantity selected]]>
    </line>
    <line>
      <![CDATA[Add to cart button clicked]]>
    </line>
    <line>
      <![CDATA[Popup up closed]]>
    </line>
    <line>
      <![CDATA[Checkout button clicked]]>
    </line>
    <line>
      <![CDATA[Proceed to Checkout button clicked]]>
    </line>
    <line>
      <![CDATA[Continue button clicked]]>
    </line>
    <line>
      <![CDATA[Screen shot file located at C:/Users/chitrn7/eclipse-workspace/sbmrtableau/src/test/resources/screenshots/Amazon Sign In.jpeg]]>
    </line>
    <line>
      <![CDATA[Email alert messge: Enter your e-mail address or mobile phone number]]>
    </line>
    <line>
      <![CDATA[===== Browser Session Ended =====]]>
    </line>
  </reporter-output>
  <suite name="MultiBrowserSuite" duration-ms="25752" started-at="2018-09-17T04:23:07Z" finished-at="2018-09-17T04:23:33Z">
    <groups>
    </groups>
    <test name="ChromeTest" duration-ms="25752" started-at="2018-09-17T04:23:07Z" finished-at="2018-09-17T04:23:33Z">
      <class name="ca.shopAmazon.ProcessOrderTests">
        <test-method status="PASS" signature="setUp(java.lang.String)[pri:0, instance:ca.shopAmazon.ProcessOrderTests@27efef64]" name="setUp" is-config="true" duration-ms="12684" started-at="2018-09-17T04:23:07Z" finished-at="2018-09-17T04:23:20Z">
          <params>
            <param index="0">
              <value>
                <![CDATA[Chrome]]>
              </value>
            </param>
          </params>
          <reporter-output>
            <line>
              <![CDATA[===== Chrome browser Session Started =====]]>
            </line>
            <line>
              <![CDATA[===== Amazon Canada Session Started =====]]>
            </line>
          </reporter-output>
        </test-method> <!-- setUp -->
        <test-method status="PASS" signature="orderEmailCheck()[pri:0, instance:ca.shopAmazon.ProcessOrderTests@27efef64]" name="orderEmailCheck" duration-ms="11964" started-at="2018-09-17T04:23:20Z" description="TC to check email is mandatory during order processing" finished-at="2018-09-17T04:23:32Z">
          <reporter-output>
            <line>
              <![CDATA[Shop By Department link clicked]]>
            </line>
            <line>
              <![CDATA[Kindle Paper White clink clicked]]>
            </line>
            <line>
              <![CDATA[Product quantity selected]]>
            </line>
            <line>
              <![CDATA[Add to cart button clicked]]>
            </line>
            <line>
              <![CDATA[Popup up closed]]>
            </line>
            <line>
              <![CDATA[Checkout button clicked]]>
            </line>
            <line>
              <![CDATA[Proceed to Checkout button clicked]]>
            </line>
            <line>
              <![CDATA[Continue button clicked]]>
            </line>
            <line>
              <![CDATA[Screen shot file located at C:/Users/chitrn7/eclipse-workspace/sbmrtableau/src/test/resources/screenshots/Amazon Sign In.jpeg]]>
            </line>
            <line>
              <![CDATA[Email alert messge: Enter your e-mail address or mobile phone number]]>
            </line>
          </reporter-output>
        </test-method> <!-- orderEmailCheck -->
        <test-method status="PASS" signature="tearDown()[pri:0, instance:ca.shopAmazon.ProcessOrderTests@27efef64]" name="tearDown" is-config="true" duration-ms="1077" started-at="2018-09-17T04:23:32Z" finished-at="2018-09-17T04:23:33Z">
          <reporter-output>
            <line>
              <![CDATA[===== Browser Session Ended =====]]>
            </line>
          </reporter-output>
        </test-method> <!-- tearDown -->
      </class> <!-- ca.shopAmazon.ProcessOrderTests -->
    </test> <!-- ChromeTest -->
  </suite> <!-- MultiBrowserSuite -->
</testng-results>
